flutter_program/build/app/intermediates/manifest_merge_blame_file/debug/manifest-merger-blame-debug-report.txt
1<?xml version="1.0" encoding="utf-8"?>
2<manifest xmlns:android="http://schemas.android.com/apk/res/android"
3    package="com.example.drw"
4    android:versionCode="1"
5    android:versionName="1.0.0" >
6
7    <uses-sdk
8        android:minSdkVersion="21"
9        android:targetSdkVersion="35" />
10    <!--
11         The INTERNET permission is required for development. Specifically,
12         the Flutter tool needs it to communicate with the running application
13         to allow setting breakpoints, to provide hot reload, etc.
14    -->
15    <uses-permission android:name="android.permission.INTERNET" />
15-->src\main\AndroidManifest.xml:7:5-66
15-->src\main\AndroidManifest.xml:7:22-64
16    <uses-permission android:name="android.permission.CAMERA" /> <!-- 允許應用程式使用裝置的相機功能 -->
16-->src\main\AndroidManifest.xml:2:5-65
16-->src\main\AndroidManifest.xml:2:22-62
17    <uses-permission android:name="android.permission.WRITE_EXTERNAL_STORAGE" /> <!-- 允許應用程式寫入外部儲存空間 -->
17-->src\main\AndroidManifest.xml:3:5-81
17-->src\main\AndroidManifest.xml:3:22-78
18    <uses-permission
18-->src\main\AndroidManifest.xml:4:5-106
19        android:name="android.permission.READ_EXTERNAL_STORAGE"
19-->src\main\AndroidManifest.xml:4:22-77
20        android:maxSdkVersion="32" /> <!-- 允許應用程式讀取外部儲存空間裡的檔案 -->
20-->src\main\AndroidManifest.xml:4:78-104
21    <uses-permission android:name="android.permission.ACCESS_FINE_LOCATION" /> <!-- 取得小範圍位置 -->
21-->src\main\AndroidManifest.xml:5:5-79
21-->src\main\AndroidManifest.xml:5:22-76
22    <uses-permission android:name="android.permission.ACCESS_COARSE_LOCATION" /> <!-- 允許應用程式連上外部網站 -->
22-->src\main\AndroidManifest.xml:6:5-81
22-->src\main\AndroidManifest.xml:6:22-78
23    <uses-permission android:name="android.permission.READ_MEDIA_IMAGES" />
23-->src\main\AndroidManifest.xml:8:5-76
23-->src\main\AndroidManifest.xml:8:22-73
24    <!--
25 Required to query activities that can process text, see:
26         https://developer.android.com/training/package-visibility and
27         https://developer.android.com/reference/android/content/Intent#ACTION_PROCESS_TEXT.
28
29         In particular, this is used by the Flutter engine in io.flutter.plugin.text.ProcessTextPlugin.
30    -->
31    <queries>
31-->src\main\AndroidManifest.xml:49:5-54:15
32        <intent>
32-->src\main\AndroidManifest.xml:50:9-53:18
33            <action android:name="android.intent.action.PROCESS_TEXT" />
33-->src\main\AndroidManifest.xml:51:13-72
33-->src\main\AndroidManifest.xml:51:21-70
34
35            <data android:mimeType="text/plain" />
35-->src\main\AndroidManifest.xml:52:13-50
35-->src\main\AndroidManifest.xml:52:19-48
36        </intent>
37        <intent>
37-->[:file_picker] AndroidManifest.xml:8:9-12:18
38            <action android:name="android.intent.action.GET_CONTENT" />
38-->[:file_picker] AndroidManifest.xml:9:13-72
38-->[:file_picker] AndroidManifest.xml:9:21-69
39
40            <data android:mimeType="*/*" />
40-->src\main\AndroidManifest.xml:52:13-50
40-->src\main\AndroidManifest.xml:52:19-48
41        </intent> <!-- Needs to be explicitly declared on Android R+ -->
42        <package android:name="com.google.android.apps.maps" />
42-->[com.google.android.gms:play-services-maps:18.2.0] AndroidManifest.xml:33:9-64
42-->[com.google.android.gms:play-services-maps:18.2.0] AndroidManifest.xml:33:18-61
43    </queries>
44
45    <uses-permission android:name="android.permission.RECORD_AUDIO" /> <!-- Include required permissions for Google Maps API to run. -->
45-->[:camera_android] AndroidManifest.xml:8:5-71
45-->[:camera_android] AndroidManifest.xml:8:22-68
46    <uses-permission android:name="android.permission.ACCESS_NETWORK_STATE" />
46-->[com.google.android.gms:play-services-maps:18.2.0] AndroidManifest.xml:23:5-79
46-->[com.google.android.gms:play-services-maps:18.2.0] AndroidManifest.xml:23:22-76
47
48    <uses-feature
48-->[com.google.android.gms:play-services-maps:18.2.0] AndroidManifest.xml:26:5-28:35
49        android:glEsVersion="0x00020000"
49-->[com.google.android.gms:play-services-maps:18.2.0] AndroidManifest.xml:27:9-41
50        android:required="true" />
50-->[com.google.android.gms:play-services-maps:18.2.0] AndroidManifest.xml:28:9-32
51
52    <permission
52-->[androidx.core:core:1.15.0] AndroidManifest.xml:22:5-24:47
53        android:name="com.example.drw.DYNAMIC_RECEIVER_NOT_EXPORTED_PERMISSION"
53-->[androidx.core:core:1.15.0] AndroidManifest.xml:23:9-81
54        android:protectionLevel="signature" />
54-->[androidx.core:core:1.15.0] AndroidManifest.xml:24:9-44
55
56    <uses-permission android:name="com.example.drw.DYNAMIC_RECEIVER_NOT_EXPORTED_PERMISSION" /> <!-- 允許應用程式存取圖片 -->
56-->[androidx.core:core:1.15.0] AndroidManifest.xml:26:5-97
56-->[androidx.core:core:1.15.0] AndroidManifest.xml:26:22-94
57    <application
58        android:name="android.app.Application"
59        android:appComponentFactory="androidx.core.app.CoreComponentFactory"
59-->[androidx.core:core:1.15.0] AndroidManifest.xml:28:18-86
60        android:debuggable="true"
61        android:extractNativeLibs="true"
62        android:icon="@mipmap/ic_launcher"
63        android:label="Dr.w" >
64        <meta-data
65            android:name="com.google.android.geo.API_KEY"
66            android:value="" />
67
68        <activity
69            android:name="com.example.drw.MainActivity"
70            android:configChanges="orientation|keyboardHidden|keyboard|screenSize|smallestScreenSize|locale|layoutDirection|fontScale|screenLayout|density|uiMode"
71            android:exported="true"
72            android:hardwareAccelerated="true"
73            android:launchMode="singleTop"
74            android:taskAffinity=""
75            android:theme="@style/LaunchTheme"
76            android:windowSoftInputMode="adjustResize" >
77
78            <!--
79                 Specifies an Android theme to apply to this Activity as soon as
80                 the Android process has started. This theme is visible to the user
81                 while the Flutter UI initializes. After that, this theme continues
82                 to determine the Window background behind the Flutter UI.
83            -->
84            <meta-data
85                android:name="io.flutter.embedding.android.NormalTheme"
86                android:resource="@style/NormalTheme" />
87
88            <intent-filter>
89                <action android:name="android.intent.action.MAIN" />
90
91                <category android:name="android.intent.category.LAUNCHER" />
92            </intent-filter>
93        </activity>
94        <!--
95             Don't delete the meta-data below.
96             This is used by the Flutter tool to generate GeneratedPluginRegistrant.java
97        -->
98        <meta-data
99            android:name="flutterEmbedding"
100            android:value="2" />
101
102        <provider
102-->[:image_picker_android] AndroidManifest.xml:9:9-17:20
103            android:name="io.flutter.plugins.imagepicker.ImagePickerFileProvider"
103-->[:image_picker_android] AndroidManifest.xml:10:13-82
104            android:authorities="com.example.drw.flutter.image_provider"
104-->[:image_picker_android] AndroidManifest.xml:11:13-74
105            android:exported="false"
105-->[:image_picker_android] AndroidManifest.xml:12:13-37
106            android:grantUriPermissions="true" >
106-->[:image_picker_android] AndroidManifest.xml:13:13-47
107            <meta-data
107-->[:image_picker_android] AndroidManifest.xml:14:13-16:75
108                android:name="android.support.FILE_PROVIDER_PATHS"
108-->[:image_picker_android] AndroidManifest.xml:15:17-67
109                android:resource="@xml/flutter_image_picker_file_paths" />
109-->[:image_picker_android] AndroidManifest.xml:16:17-72
110        </provider> <!-- Trigger Google Play services to install the backported photo picker module. -->
111        <service
111-->[:image_picker_android] AndroidManifest.xml:19:9-31:19
112            android:name="com.google.android.gms.metadata.ModuleDependencies"
112-->[:image_picker_android] AndroidManifest.xml:20:13-78
113            android:enabled="false"
113-->[:image_picker_android] AndroidManifest.xml:21:13-36
114            android:exported="false" >
114-->[:image_picker_android] AndroidManifest.xml:22:13-37
115            <intent-filter>
115-->[:image_picker_android] AndroidManifest.xml:24:13-26:29
116                <action android:name="com.google.android.gms.metadata.MODULE_DEPENDENCIES" />
116-->[:image_picker_android] AndroidManifest.xml:25:17-94
116-->[:image_picker_android] AndroidManifest.xml:25:25-91
117            </intent-filter>
118
119            <meta-data
119-->[:image_picker_android] AndroidManifest.xml:28:13-30:36
120                android:name="photopicker_activity:0:required"
120-->[:image_picker_android] AndroidManifest.xml:29:17-63
121                android:value="" />
121-->[:image_picker_android] AndroidManifest.xml:30:17-33
122        </service>
123        <service
123-->[:geolocator_android] AndroidManifest.xml:8:9-12:56
124            android:name="com.baseflow.geolocator.GeolocatorLocationService"
124-->[:geolocator_android] AndroidManifest.xml:9:13-77
125            android:enabled="true"
125-->[:geolocator_android] AndroidManifest.xml:10:13-35
126            android:exported="false"
126-->[:geolocator_android] AndroidManifest.xml:11:13-37
127            android:foregroundServiceType="location" />
127-->[:geolocator_android] AndroidManifest.xml:12:13-53
128        <service
128-->[:location] AndroidManifest.xml:11:9-15:56
129            android:name="com.lyokone.location.FlutterLocationService"
129-->[:location] AndroidManifest.xml:12:13-71
130            android:enabled="true"
130-->[:location] AndroidManifest.xml:13:13-35
131            android:exported="false"
131-->[:location] AndroidManifest.xml:14:13-37
132            android:foregroundServiceType="location" />
132-->[:location] AndroidManifest.xml:15:13-53
133
134        <activity
134-->[:url_launcher_android] AndroidManifest.xml:8:9-11:74
135            android:name="io.flutter.plugins.urllauncher.WebViewActivity"
135-->[:url_launcher_android] AndroidManifest.xml:9:13-74
136            android:exported="false"
136-->[:url_launcher_android] AndroidManifest.xml:10:13-37
137            android:theme="@android:style/Theme.NoTitleBar.Fullscreen" /> <!-- Needs to be explicitly declared on P+ -->
137-->[:url_launcher_android] AndroidManifest.xml:11:13-71
138        <uses-library
138-->[com.google.android.gms:play-services-maps:18.2.0] AndroidManifest.xml:39:9-41:40
139            android:name="org.apache.http.legacy"
139-->[com.google.android.gms:play-services-maps:18.2.0] AndroidManifest.xml:40:13-50
140            android:required="false" />
140-->[com.google.android.gms:play-services-maps:18.2.0] AndroidManifest.xml:41:13-37
141
142        <activity
142-->[com.google.android.gms:play-services-base:18.3.0] AndroidManifest.xml:20:9-22:45
143            android:name="com.google.android.gms.common.api.GoogleApiActivity"
143-->[com.google.android.gms:play-services-base:18.3.0] AndroidManifest.xml:20:19-85
144            android:exported="false"
144-->[com.google.android.gms:play-services-base:18.3.0] AndroidManifest.xml:22:19-43
145            android:theme="@android:style/Theme.Translucent.NoTitleBar" />
145-->[com.google.android.gms:play-services-base:18.3.0] AndroidManifest.xml:21:19-78
146
147        <meta-data
147-->[com.google.android.gms:play-services-basement:18.3.0] AndroidManifest.xml:21:9-23:69
148            android:name="com.google.android.gms.version"
148-->[com.google.android.gms:play-services-basement:18.3.0] AndroidManifest.xml:22:13-58
149            android:value="@integer/google_play_services_version" />
149-->[com.google.android.gms:play-services-basement:18.3.0] AndroidManifest.xml:23:13-66
150
151        <provider
151-->[androidx.lifecycle:lifecycle-process:2.8.7] AndroidManifest.xml:24:9-32:20
152            android:name="androidx.startup.InitializationProvider"
152-->[androidx.lifecycle:lifecycle-process:2.8.7] AndroidManifest.xml:25:13-67
153            android:authorities="com.example.drw.androidx-startup"
153-->[androidx.lifecycle:lifecycle-process:2.8.7] AndroidManifest.xml:26:13-68
154            android:exported="false" >
154-->[androidx.lifecycle:lifecycle-process:2.8.7] AndroidManifest.xml:27:13-37
155            <meta-data
155-->[androidx.lifecycle:lifecycle-process:2.8.7] AndroidManifest.xml:29:13-31:52
156                android:name="androidx.lifecycle.ProcessLifecycleInitializer"
156-->[androidx.lifecycle:lifecycle-process:2.8.7] AndroidManifest.xml:30:17-78
157                android:value="androidx.startup" />
157-->[androidx.lifecycle:lifecycle-process:2.8.7] AndroidManifest.xml:31:17-49
158            <meta-data
158-->[androidx.profileinstaller:profileinstaller:1.3.1] AndroidManifest.xml:29:13-31:52
159                android:name="androidx.profileinstaller.ProfileInstallerInitializer"
159-->[androidx.profileinstaller:profileinstaller:1.3.1] AndroidManifest.xml:30:17-85
160                android:value="androidx.startup" />
160-->[androidx.profileinstaller:profileinstaller:1.3.1] AndroidManifest.xml:31:17-49
161        </provider>
162
163        <uses-library
163-->[androidx.window:window:1.2.0] AndroidManifest.xml:23:9-25:40
164            android:name="androidx.window.extensions"
164-->[androidx.window:window:1.2.0] AndroidManifest.xml:24:13-54
165            android:required="false" />
165-->[androidx.window:window:1.2.0] AndroidManifest.xml:25:13-37
166        <uses-library
166-->[androidx.window:window:1.2.0] AndroidManifest.xml:26:9-28:40
167            android:name="androidx.window.sidecar"
167-->[androidx.window:window:1.2.0] AndroidManifest.xml:27:13-51
168            android:required="false" />
168-->[androidx.window:window:1.2.0] AndroidManifest.xml:28:13-37
169
170        <receiver
170-->[androidx.profileinstaller:profileinstaller:1.3.1] AndroidManifest.xml:34:9-52:20
171            android:name="androidx.profileinstaller.ProfileInstallReceiver"
171-->[androidx.profileinstaller:profileinstaller:1.3.1] AndroidManifest.xml:35:13-76
172            android:directBootAware="false"
172-->[androidx.profileinstaller:profileinstaller:1.3.1] AndroidManifest.xml:36:13-44
173            android:enabled="true"
173-->[androidx.profileinstaller:profileinstaller:1.3.1] AndroidManifest.xml:37:13-35
174            android:exported="true"
174-->[androidx.profileinstaller:profileinstaller:1.3.1] AndroidManifest.xml:38:13-36
175            android:permission="android.permission.DUMP" >
175-->[androidx.profileinstaller:profileinstaller:1.3.1] AndroidManifest.xml:39:13-57
176            <intent-filter>
176-->[androidx.profileinstaller:profileinstaller:1.3.1] AndroidManifest.xml:40:13-42:29
177                <action android:name="androidx.profileinstaller.action.INSTALL_PROFILE" />
177-->[androidx.profileinstaller:profileinstaller:1.3.1] AndroidManifest.xml:41:17-91
177-->[androidx.profileinstaller:profileinstaller:1.3.1] AndroidManifest.xml:41:25-88
178            </intent-filter>
179            <intent-filter>
179-->[androidx.profileinstaller:profileinstaller:1.3.1] AndroidManifest.xml:43:13-45:29
180                <action android:name="androidx.profileinstaller.action.SKIP_FILE" />
180-->[androidx.profileinstaller:profileinstaller:1.3.1] AndroidManifest.xml:44:17-85
180-->[androidx.profileinstaller:profileinstaller:1.3.1] AndroidManifest.xml:44:25-82
181            </intent-filter>
182            <intent-filter>
182-->[androidx.profileinstaller:profileinstaller:1.3.1] AndroidManifest.xml:46:13-48:29
183                <action android:name="androidx.profileinstaller.action.SAVE_PROFILE" />
183-->[androidx.profileinstaller:profileinstaller:1.3.1] AndroidManifest.xml:47:17-88
183-->[androidx.profileinstaller:profileinstaller:1.3.1] AndroidManifest.xml:47:25-85
184            </intent-filter>
185            <intent-filter>
185-->[androidx.profileinstaller:profileinstaller:1.3.1] AndroidManifest.xml:49:13-51:29
186                <action android:name="androidx.profileinstaller.action.BENCHMARK_OPERATION" />
186-->[androidx.profileinstaller:profileinstaller:1.3.1] AndroidManifest.xml:50:17-95
186-->[androidx.profileinstaller:profileinstaller:1.3.1] AndroidManifest.xml:50:25-92
187            </intent-filter>
188        </receiver>
189    </application>
190
191</manifest>